2025-09-22T05:33:00: 
2025-09-22T05:33:00: > spirit-tours-frontend@1.0.0 start
2025-09-22T05:33:00: > react-scripts start
2025-09-22T05:33:00: 
2025-09-22T05:33:02: Invalid options object. Dev Server has been initialized using an options object that does not match the API schema.
2025-09-22T05:33:02:  - options.allowedHosts[0] should be a non-empty string.
2025-09-22T05:33:02: 
2025-09-22T05:33:02: > spirit-tours-frontend@1.0.0 start
2025-09-22T05:33:02: > react-scripts start
2025-09-22T05:33:02: 
2025-09-22T05:33:05: Invalid options object. Dev Server has been initialized using an options object that does not match the API schema.
2025-09-22T05:33:05:  - options.allowedHosts[0] should be a non-empty string.
2025-09-22T05:33:05: 
2025-09-22T05:33:05: > spirit-tours-frontend@1.0.0 start
2025-09-22T05:33:05: > react-scripts start
2025-09-22T05:33:05: 
2025-09-22T05:33:07: Invalid options object. Dev Server has been initialized using an options object that does not match the API schema.
2025-09-22T05:33:07:  - options.allowedHosts[0] should be a non-empty string.
2025-09-22T05:33:07: 
2025-09-22T05:33:07: > spirit-tours-frontend@1.0.0 start
2025-09-22T05:33:07: > react-scripts start
2025-09-22T05:33:07: 
2025-09-22T05:33:10: Invalid options object. Dev Server has been initialized using an options object that does not match the API schema.
2025-09-22T05:33:10:  - options.allowedHosts[0] should be a non-empty string.
2025-09-22T05:33:10: 
2025-09-22T05:33:10: > spirit-tours-frontend@1.0.0 start
2025-09-22T05:33:10: > react-scripts start
2025-09-22T05:33:10: 
2025-09-22T05:33:12: Invalid options object. Dev Server has been initialized using an options object that does not match the API schema.
2025-09-22T05:33:12:  - options.allowedHosts[0] should be a non-empty string.
2025-09-22T05:33:13: 
2025-09-22T05:33:13: > spirit-tours-frontend@1.0.0 start
2025-09-22T05:33:13: > react-scripts start
2025-09-22T05:33:13: 
2025-09-22T05:33:15: Invalid options object. Dev Server has been initialized using an options object that does not match the API schema.
2025-09-22T05:33:15:  - options.allowedHosts[0] should be a non-empty string.
2025-09-22T05:33:15: 
2025-09-22T05:33:15: > spirit-tours-frontend@1.0.0 start
2025-09-22T05:33:15: > react-scripts start
2025-09-22T05:33:15: 
