2025-09-20T10:33:13: 
2025-09-20T10:33:13: > frontend@0.1.0 start
2025-09-20T10:33:13: > react-scripts start
2025-09-20T10:33:13: 
2025-09-20T10:33:16: (node:2999) [DEP_WEBPACK_DEV_SERVER_ON_AFTER_SETUP_MIDDLEWARE] DeprecationWarning: 'onAfterSetupMiddleware' option is deprecated. Please use the 'setupMiddlewares' option.
2025-09-20T10:33:16: (Use `node --trace-deprecation ...` to show where the warning was created)
2025-09-20T10:33:16: (node:2999) [DEP_WEBPACK_DEV_SERVER_ON_BEFORE_SETUP_MIDDLEWARE] DeprecationWarning: 'onBeforeSetupMiddleware' option is deprecated. Please use the 'setupMiddlewares' option.
2025-09-20T10:33:17: Starting the development server...
2025-09-20T10:33:17: 
2025-09-20T10:33:38: Failed to compile.
2025-09-20T10:33:38: 
2025-09-20T10:33:38: Error: It looks like you're trying to use `tailwindcss` directly as a PostCSS plugin. The PostCSS plugin has moved to a separate package, so to continue using Tailwind CSS with PostCSS you'll need to install `@tailwindcss/postcss` and update your PostCSS configuration.
2025-09-20T10:33:38: ERROR in ./src/App.css (./node_modules/css-loader/dist/cjs.js??ruleSet[1].rules[1].oneOf[5].use[1]!./node_modules/postcss-loader/dist/cjs.js??ruleSet[1].rules[1].oneOf[5].use[2]!./node_modules/source-map-loader/dist/cjs.js!./src/App.css)
2025-09-20T10:33:38: Module build failed (from ./node_modules/postcss-loader/dist/cjs.js):
2025-09-20T10:33:38: Error: It looks like you're trying to use `tailwindcss` directly as a PostCSS plugin. The PostCSS plugin has moved to a separate package, so to continue using Tailwind CSS with PostCSS you'll need to install `@tailwindcss/postcss` and update your PostCSS configuration.
2025-09-20T10:33:38:     at We (/home/user/webapp/frontend/node_modules/tailwindcss/dist/lib.js:35:2121)
2025-09-20T10:33:38:     at LazyResult.runOnRoot (/home/user/webapp/frontend/node_modules/postcss/lib/lazy-result.js:361:16)
2025-09-20T10:33:38:     at LazyResult.runAsync (/home/user/webapp/frontend/node_modules/postcss/lib/lazy-result.js:290:26)
2025-09-20T10:33:38:     at LazyResult.async (/home/user/webapp/frontend/node_modules/postcss/lib/lazy-result.js:192:30)
2025-09-20T10:33:38:     at LazyResult.then (/home/user/webapp/frontend/node_modules/postcss/lib/lazy-result.js:436:17)
2025-09-20T10:33:38: 
2025-09-20T10:33:38: ERROR in ./src/index.css (./node_modules/css-loader/dist/cjs.js??ruleSet[1].rules[1].oneOf[5].use[1]!./node_modules/postcss-loader/dist/cjs.js??ruleSet[1].rules[1].oneOf[5].use[2]!./node_modules/source-map-loader/dist/cjs.js!./src/index.css)
2025-09-20T10:33:38: Module build failed (from ./node_modules/postcss-loader/dist/cjs.js):
2025-09-20T10:33:38: Error: It looks like you're trying to use `tailwindcss` directly as a PostCSS plugin. The PostCSS plugin has moved to a separate package, so to continue using Tailwind CSS with PostCSS you'll need to install `@tailwindcss/postcss` and update your PostCSS configuration.
2025-09-20T10:33:38:     at We (/home/user/webapp/frontend/node_modules/tailwindcss/dist/lib.js:35:2121)
2025-09-20T10:33:38:     at LazyResult.runOnRoot (/home/user/webapp/frontend/node_modules/postcss/lib/lazy-result.js:361:16)
2025-09-20T10:33:38:     at LazyResult.runAsync (/home/user/webapp/frontend/node_modules/postcss/lib/lazy-result.js:290:26)
2025-09-20T10:33:38:     at LazyResult.async (/home/user/webapp/frontend/node_modules/postcss/lib/lazy-result.js:192:30)
2025-09-20T10:33:38:     at LazyResult.then (/home/user/webapp/frontend/node_modules/postcss/lib/lazy-result.js:436:17)
2025-09-20T10:33:38: 
2025-09-20T10:33:38: webpack compiled with 2 errors
2025-09-20T10:33:38: No issues found.
2025-09-20T10:34:00: 
2025-09-20T10:34:00: > frontend@0.1.0 start
2025-09-20T10:34:00: > react-scripts start
2025-09-20T10:34:00: 
2025-09-20T10:34:03: (node:3611) [DEP_WEBPACK_DEV_SERVER_ON_AFTER_SETUP_MIDDLEWARE] DeprecationWarning: 'onAfterSetupMiddleware' option is deprecated. Please use the 'setupMiddlewares' option.
2025-09-20T10:34:03: (Use `node --trace-deprecation ...` to show where the warning was created)
2025-09-20T10:34:03: (node:3611) [DEP_WEBPACK_DEV_SERVER_ON_BEFORE_SETUP_MIDDLEWARE] DeprecationWarning: 'onBeforeSetupMiddleware' option is deprecated. Please use the 'setupMiddlewares' option.
2025-09-20T10:34:04: Starting the development server...
2025-09-20T10:34:04: 
2025-09-20T10:34:07: Failed to compile.
2025-09-20T10:34:07: 
2025-09-20T10:34:07: Error: It looks like you're trying to use `tailwindcss` directly as a PostCSS plugin. The PostCSS plugin has moved to a separate package, so to continue using Tailwind CSS with PostCSS you'll need to install `@tailwindcss/postcss` and update your PostCSS configuration.
2025-09-20T10:34:07: ERROR in ./src/App.css (./node_modules/css-loader/dist/cjs.js??ruleSet[1].rules[1].oneOf[5].use[1]!./node_modules/postcss-loader/dist/cjs.js??ruleSet[1].rules[1].oneOf[5].use[2]!./node_modules/source-map-loader/dist/cjs.js!./src/App.css)
2025-09-20T10:34:07: Module build failed (from ./node_modules/postcss-loader/dist/cjs.js):
2025-09-20T10:34:07: Error: It looks like you're trying to use `tailwindcss` directly as a PostCSS plugin. The PostCSS plugin has moved to a separate package, so to continue using Tailwind CSS with PostCSS you'll need to install `@tailwindcss/postcss` and update your PostCSS configuration.
2025-09-20T10:34:07:     at We (/home/user/webapp/frontend/node_modules/tailwindcss/dist/lib.js:35:2121)
2025-09-20T10:34:07:     at LazyResult.runOnRoot (/home/user/webapp/frontend/node_modules/postcss/lib/lazy-result.js:361:16)
2025-09-20T10:34:07:     at LazyResult.runAsync (/home/user/webapp/frontend/node_modules/postcss/lib/lazy-result.js:290:26)
2025-09-20T10:34:07:     at LazyResult.async (/home/user/webapp/frontend/node_modules/postcss/lib/lazy-result.js:192:30)
2025-09-20T10:34:07:     at LazyResult.then (/home/user/webapp/frontend/node_modules/postcss/lib/lazy-result.js:436:17)
2025-09-20T10:34:07: 
2025-09-20T10:34:07: ERROR in ./src/index.css (./node_modules/css-loader/dist/cjs.js??ruleSet[1].rules[1].oneOf[5].use[1]!./node_modules/postcss-loader/dist/cjs.js??ruleSet[1].rules[1].oneOf[5].use[2]!./node_modules/source-map-loader/dist/cjs.js!./src/index.css)
2025-09-20T10:34:07: Module build failed (from ./node_modules/postcss-loader/dist/cjs.js):
2025-09-20T10:34:07: Error: It looks like you're trying to use `tailwindcss` directly as a PostCSS plugin. The PostCSS plugin has moved to a separate package, so to continue using Tailwind CSS with PostCSS you'll need to install `@tailwindcss/postcss` and update your PostCSS configuration.
2025-09-20T10:34:07:     at We (/home/user/webapp/frontend/node_modules/tailwindcss/dist/lib.js:35:2121)
2025-09-20T10:34:07:     at LazyResult.runOnRoot (/home/user/webapp/frontend/node_modules/postcss/lib/lazy-result.js:361:16)
2025-09-20T10:34:07:     at LazyResult.runAsync (/home/user/webapp/frontend/node_modules/postcss/lib/lazy-result.js:290:26)
2025-09-20T10:34:07:     at LazyResult.async (/home/user/webapp/frontend/node_modules/postcss/lib/lazy-result.js:192:30)
2025-09-20T10:34:07:     at LazyResult.then (/home/user/webapp/frontend/node_modules/postcss/lib/lazy-result.js:436:17)
2025-09-20T10:34:07: 
2025-09-20T10:34:07: webpack compiled with 2 errors
2025-09-20T10:34:07: Files successfully emitted, waiting for typecheck results...
2025-09-20T10:34:07: Issues checking in progress...
2025-09-20T10:34:09: No issues found.
2025-09-20T10:44:33: Compiling...
2025-09-20T10:44:42: Failed to compile.
2025-09-20T10:44:42: 
2025-09-20T10:44:42: Error: It looks like you're trying to use `tailwindcss` directly as a PostCSS plugin. The PostCSS plugin has moved to a separate package, so to continue using Tailwind CSS with PostCSS you'll need to install `@tailwindcss/postcss` and update your PostCSS configuration.
2025-09-20T10:44:42: ERROR in ./src/App.css (./node_modules/css-loader/dist/cjs.js??ruleSet[1].rules[1].oneOf[5].use[1]!./node_modules/postcss-loader/dist/cjs.js??ruleSet[1].rules[1].oneOf[5].use[2]!./node_modules/source-map-loader/dist/cjs.js!./src/App.css)
2025-09-20T10:44:42: Module build failed (from ./node_modules/postcss-loader/dist/cjs.js):
2025-09-20T10:44:42: Error: It looks like you're trying to use `tailwindcss` directly as a PostCSS plugin. The PostCSS plugin has moved to a separate package, so to continue using Tailwind CSS with PostCSS you'll need to install `@tailwindcss/postcss` and update your PostCSS configuration.
2025-09-20T10:44:42:     at We (/home/user/webapp/frontend/node_modules/tailwindcss/dist/lib.js:35:2121)
2025-09-20T10:44:42:     at LazyResult.runOnRoot (/home/user/webapp/frontend/node_modules/postcss/lib/lazy-result.js:361:16)
2025-09-20T10:44:42:     at LazyResult.runAsync (/home/user/webapp/frontend/node_modules/postcss/lib/lazy-result.js:290:26)
2025-09-20T10:44:42:     at LazyResult.async (/home/user/webapp/frontend/node_modules/postcss/lib/lazy-result.js:192:30)
2025-09-20T10:44:42:     at LazyResult.then (/home/user/webapp/frontend/node_modules/postcss/lib/lazy-result.js:436:17)
2025-09-20T10:44:42: 
2025-09-20T10:44:42: ERROR in ./src/index.css (./node_modules/css-loader/dist/cjs.js??ruleSet[1].rules[1].oneOf[5].use[1]!./node_modules/postcss-loader/dist/cjs.js??ruleSet[1].rules[1].oneOf[5].use[2]!./node_modules/source-map-loader/dist/cjs.js!./src/index.css)
2025-09-20T10:44:42: Module build failed (from ./node_modules/postcss-loader/dist/cjs.js):
2025-09-20T10:44:42: Error: It looks like you're trying to use `tailwindcss` directly as a PostCSS plugin. The PostCSS plugin has moved to a separate package, so to continue using Tailwind CSS with PostCSS you'll need to install `@tailwindcss/postcss` and update your PostCSS configuration.
2025-09-20T10:44:42:     at We (/home/user/webapp/frontend/node_modules/tailwindcss/dist/lib.js:35:2121)
2025-09-20T10:44:42:     at LazyResult.runOnRoot (/home/user/webapp/frontend/node_modules/postcss/lib/lazy-result.js:361:16)
2025-09-20T10:44:42:     at LazyResult.runAsync (/home/user/webapp/frontend/node_modules/postcss/lib/lazy-result.js:290:26)
2025-09-20T10:44:42:     at LazyResult.async (/home/user/webapp/frontend/node_modules/postcss/lib/lazy-result.js:192:30)
2025-09-20T10:44:42:     at LazyResult.then (/home/user/webapp/frontend/node_modules/postcss/lib/lazy-result.js:436:17)
2025-09-20T10:44:42: 
2025-09-20T10:44:42: webpack compiled with 2 errors
2025-09-20T10:44:42: No issues found.
2025-09-20T10:45:01: Compiling...
2025-09-20T10:47:04: Failed to compile.
2025-09-20T10:47:04: 
2025-09-20T10:47:04: Error: It looks like you're trying to use `tailwindcss` directly as a PostCSS plugin. The PostCSS plugin has moved to a separate package, so to continue using Tailwind CSS with PostCSS you'll need to install `@tailwindcss/postcss` and update your PostCSS configuration.
2025-09-20T10:47:04: ERROR in ./src/App.css (./node_modules/css-loader/dist/cjs.js??ruleSet[1].rules[1].oneOf[5].use[1]!./node_modules/postcss-loader/dist/cjs.js??ruleSet[1].rules[1].oneOf[5].use[2]!./node_modules/source-map-loader/dist/cjs.js!./src/App.css)
2025-09-20T10:47:04: Module build failed (from ./node_modules/postcss-loader/dist/cjs.js):
2025-09-20T10:47:04: Error: It looks like you're trying to use `tailwindcss` directly as a PostCSS plugin. The PostCSS plugin has moved to a separate package, so to continue using Tailwind CSS with PostCSS you'll need to install `@tailwindcss/postcss` and update your PostCSS configuration.
2025-09-20T10:47:04:     at We (/home/user/webapp/frontend/node_modules/tailwindcss/dist/lib.js:35:2121)
2025-09-20T10:47:04:     at LazyResult.runOnRoot (/home/user/webapp/frontend/node_modules/postcss/lib/lazy-result.js:361:16)
2025-09-20T10:47:04:     at LazyResult.runAsync (/home/user/webapp/frontend/node_modules/postcss/lib/lazy-result.js:290:26)
2025-09-20T10:47:04:     at LazyResult.async (/home/user/webapp/frontend/node_modules/postcss/lib/lazy-result.js:192:30)
2025-09-20T10:47:04:     at LazyResult.then (/home/user/webapp/frontend/node_modules/postcss/lib/lazy-result.js:436:17)
2025-09-20T10:47:04: 
2025-09-20T10:47:04: ERROR in ./src/index.css (./node_modules/css-loader/dist/cjs.js??ruleSet[1].rules[1].oneOf[5].use[1]!./node_modules/postcss-loader/dist/cjs.js??ruleSet[1].rules[1].oneOf[5].use[2]!./node_modules/source-map-loader/dist/cjs.js!./src/index.css)
2025-09-20T10:47:04: Module build failed (from ./node_modules/postcss-loader/dist/cjs.js):
2025-09-20T10:47:04: Error: It looks like you're trying to use `tailwindcss` directly as a PostCSS plugin. The PostCSS plugin has moved to a separate package, so to continue using Tailwind CSS with PostCSS you'll need to install `@tailwindcss/postcss` and update your PostCSS configuration.
2025-09-20T10:47:04:     at We (/home/user/webapp/frontend/node_modules/tailwindcss/dist/lib.js:35:2121)
2025-09-20T10:47:04:     at LazyResult.runOnRoot (/home/user/webapp/frontend/node_modules/postcss/lib/lazy-result.js:361:16)
2025-09-20T10:47:04:     at LazyResult.runAsync (/home/user/webapp/frontend/node_modules/postcss/lib/lazy-result.js:290:26)
2025-09-20T10:47:04:     at LazyResult.async (/home/user/webapp/frontend/node_modules/postcss/lib/lazy-result.js:192:30)
2025-09-20T10:47:04:     at LazyResult.then (/home/user/webapp/frontend/node_modules/postcss/lib/lazy-result.js:436:17)
2025-09-20T10:47:04:     at process.processTicksAndRejections (node:internal/process/task_queues:95:5)
2025-09-20T10:47:04: 
2025-09-20T10:47:04: webpack compiled with 2 errors
2025-09-20T10:47:04: No issues found.
